Using pre-set license
Built from '2020.3/staging' branch; Version is '2020.3.11f1 (99c7afb366b3) revision 10078127'; Using compiler version '192528614'; Build Type 'Release'
OS: 'Windows 10 Pro; OS build 19042.985; Version 2009; 64bit' Language: 'pl' Physical Memory: 15799 MB
BatchMode: 1, IsHumanControllingUs: 0, StartBugReporterOnCrash: 0, Is64bit: 1, IsPro: 0

 COMMAND LINE ARGUMENTS:
C:\Program Files\Unity\Hub\Editor\2020.3.11f1\Editor\Unity.exe
-adb2
-batchMode
-noUpm
-name
AssetImportWorker0
-projectPath
C:/Users/r.sniegocki/RTS
-logFile
Logs/AssetImportWorker0.log
-srvPort
56662
Successfully changed project path to: C:/Users/r.sniegocki/RTS
C:/Users/r.sniegocki/RTS
Using Asset Import Pipeline V2.
Refreshing native plugins compatible for Editor in 28.43 ms, found 2 plugins.
Preloading 0 native plugins for Editor in 0.00 ms.
Initialize engine version: 2020.3.11f1 (99c7afb366b3)
[Subsystems] Discovering subsystems at path C:/Program Files/Unity/Hub/Editor/2020.3.11f1/Editor/Data/Resources/UnitySubsystems
[Subsystems] Discovering subsystems at path C:/Users/r.sniegocki/RTS/Assets
GfxDevice: creating device client; threaded=0
Direct3D:
    Version:  Direct3D 11.0 [level 11.1]
    Renderer: Intel(R) UHD Graphics 620 (ID=0x5917)
    Vendor:   
    VRAM:     7899 MB
    Driver:   27.20.100.8854
Initialize mono
Mono path[0] = 'C:/Program Files/Unity/Hub/Editor/2020.3.11f1/Editor/Data/Managed'
Mono path[1] = 'C:/Program Files/Unity/Hub/Editor/2020.3.11f1/Editor/Data/MonoBleedingEdge/lib/mono/unityjit'
Mono config path = 'C:/Program Files/Unity/Hub/Editor/2020.3.11f1/Editor/Data/MonoBleedingEdge/etc'
Using monoOptions --debugger-agent=transport=dt_socket,embedding=1,server=y,suspend=n,address=127.0.0.1:56620
Begin MonoManager ReloadAssembly
Registering precompiled unity dll's ...
Register platform support module: C:/Program Files/Unity/Hub/Editor/2020.3.11f1/Editor/Data/PlaybackEngines/WindowsStandaloneSupport/UnityEditor.WindowsStandalone.Extensions.dll
Registered in 0.003602 seconds.
Native extension for WindowsStandalone target not found
Refreshing native plugins compatible for Editor in 26.55 ms, found 2 plugins.
Preloading 0 native plugins for Editor in 0.00 ms.
Mono: successfully reloaded assembly
- Completed reload, in  1.111 seconds
Platform modules already initialized, skipping
Registering precompiled user dll's ...
Registered in 0.008475 seconds.
Begin MonoManager ReloadAssembly
Native extension for WindowsStandalone target not found
Refreshing native plugins compatible for Editor in 0.28 ms, found 2 plugins.
Preloading 0 native plugins for Editor in 0.00 ms.
Mono: successfully reloaded assembly
- Completed reload, in  1.049 seconds
Platform modules already initialized, skipping
========================================================================
Worker process is ready to serve import requests
Launched and connected shader compiler UnityShaderCompiler.exe after 0.05 seconds
Refreshing native plugins compatible for Editor in 0.45 ms, found 2 plugins.
Preloading 0 native plugins for Editor in 0.00 ms.
Unloading 1393 Unused Serialized files (Serialized files now loaded: 0)
System memory in use before: 77.6 MB.
System memory in use after: 77.6 MB.

Unloading 19 unused Assets to reduce memory usage. Loaded Objects now: 1845.
Total: 2.823000 ms (FindLiveObjects: 0.214200 ms CreateObjectMapping: 0.076800 ms MarkObjects: 2.368400 ms  DeleteObjects: 0.162000 ms)

========================================================================
Received Import Request.
  path: Assets/Objects/Unit.prefab
  artifactKey: Guid(96a8b0927acf03f4d879cb22eaeeedcf) Importer(815301076,1909f56bfc062723c751e8b465ee728b)
Start importing Assets/Objects/Unit.prefab using Guid(96a8b0927acf03f4d879cb22eaeeedcf) Importer(815301076,1909f56bfc062723c751e8b465ee728b)  -> (artifact id: '6352e3136183a5fd2d3b4b4237f21189') in 0.198270 seconds
  Import took 0.201532 seconds .

========================================================================
Received Prepare
Registering precompiled user dll's ...
Registered in 0.007226 seconds.
Begin MonoManager ReloadAssembly
Native extension for WindowsStandalone target not found
Refreshing native plugins compatible for Editor in 0.39 ms, found 2 plugins.
Preloading 0 native plugins for Editor in 0.00 ms.
Mono: successfully reloaded assembly
- Completed reload, in  0.927 seconds
Platform modules already initialized, skipping
Refreshing native plugins compatible for Editor in 0.30 ms, found 2 plugins.
Preloading 0 native plugins for Editor in 0.00 ms.
Unloading 1388 Unused Serialized files (Serialized files now loaded: 0)
System memory in use before: 80.7 MB.
System memory in use after: 80.8 MB.

Unloading 15 unused Assets to reduce memory usage. Loaded Objects now: 1858.
Total: 1.907600 ms (FindLiveObjects: 0.128700 ms CreateObjectMapping: 0.034000 ms MarkObjects: 1.622200 ms  DeleteObjects: 0.121800 ms)

AssetImportWorkerClient::OnTransportError - code=2 error=End of file
